# JRE version: OpenJDK Runtime Environment Corretto-16.0.2.7.1 (16.0.2+7) (build 16.0.2+7)
# Java VM: OpenJDK 64-Bit Server VM Corretto-16.0.2.7.1 (16.0.2+7, mixed mode, sharing, tiered, compressed oops, compressed class ptrs, g1 gc, linux-amd64)
GC Precious Log:
 CPUs: 3 total, 3 available
 Memory: 7951M
 Large Page Support: Disabled
 NUMA Support: Disabled
 Compressed Oops: Enabled (32-bit)
 Heap Region Size: 1M
 Heap Min Capacity: 8M
 Heap Initial Capacity: 126M
 Heap Max Capacity: 1988M
 Pre-touch: Disabled
 Parallel Workers: 3
 Concurrent Workers: 1
 Concurrent Refinement Workers: 3
 Periodic GC: Disabled
Heap:
 garbage-first heap   total 70656K, used 29888K [0x0000000083c00000, 0x0000000100000000)
  region size 1024K, 18 young (18432K), 2 survivors (2048K)
 Metaspace       used 27052K, committed 27328K, reserved 1073152K
  class space    used 3249K, committed 3392K, reserved 1048576K
GC Heap History (16 events):
Event: 0,413 GC heap before
{Heap before GC invocations=0 (full 0):
 garbage-first heap   total 131072K, used 7160K [0x0000000083c00000, 0x0000000100000000)
  region size 1024K, 6 young (6144K), 0 survivors (0K)
 Metaspace       used 838K, committed 960K, reserved 1056768K
  class space    used 48K, committed 128K, reserved 1048576K
}
Event: 0,417 GC heap after
{Heap after GC invocations=1 (full 0):
 garbage-first heap   total 131072K, used 5073K [0x0000000083c00000, 0x0000000100000000)
  region size 1024K, 1 young (1024K), 1 survivors (1024K)
 Metaspace       used 838K, committed 960K, reserved 1056768K
  class space    used 48K, committed 128K, reserved 1048576K
}
Event: 0,761 GC heap before
{Heap before GC invocations=1 (full 0):
 garbage-first heap   total 131072K, used 9169K [0x0000000083c00000, 0x0000000100000000)
  region size 1024K, 6 young (6144K), 1 survivors (1024K)
 Metaspace       used 2456K, committed 2560K, reserved 1056768K
  class space    used 210K, committed 256K, reserved 1048576K
}
Event: 0,764 GC heap after
{Heap after GC invocations=2 (full 0):
 garbage-first heap   total 131072K, used 6009K [0x0000000083c00000, 0x0000000100000000)
  region size 1024K, 1 young (1024K), 1 survivors (1024K)
 Metaspace       used 2456K, committed 2560K, reserved 1056768K
  class space    used 210K, committed 256K, reserved 1048576K
}
Event: 1,272 GC heap before
{Heap before GC invocations=2 (full 0):
 garbage-first heap   total 131072K, used 15225K [0x0000000083c00000, 0x0000000100000000)
  region size 1024K, 10 young (10240K), 1 survivors (1024K)
 Metaspace       used 5334K, committed 5440K, reserved 1056768K
  class space    used 576K, committed 640K, reserved 1048576K
}
Event: 1,282 GC heap after
{Heap after GC invocations=3 (full 0):
 garbage-first heap   total 131072K, used 6847K [0x0000000083c00000, 0x0000000100000000)
  region size 1024K, 2 young (2048K), 2 survivors (2048K)
 Metaspace       used 5334K, committed 5440K, reserved 1056768K
  class space    used 576K, committed 640K, reserved 1048576K
}
Event: 2,178 GC heap before
{Heap before GC invocations=3 (full 0):
 garbage-first heap   total 131072K, used 52927K [0x0000000083c00000, 0x0000000100000000)
  region size 1024K, 48 young (49152K), 2 survivors (2048K)
 Metaspace       used 15082K, committed 15360K, reserved 1064960K
  class space    used 1801K, committed 1920K, reserved 1048576K
}
Event: 2,187 GC heap after
{Heap after GC invocations=4 (full 0):
 garbage-first heap   total 131072K, used 9044K [0x0000000083c00000, 0x0000000100000000)
  region size 1024K, 4 young (4096K), 4 survivors (4096K)
 Metaspace       used 15082K, committed 15360K, reserved 1064960K
  class space    used 1801K, committed 1920K, reserved 1048576K
}
Event: 3,203 GC heap before
{Heap before GC invocations=4 (full 0):
 garbage-first heap   total 131072K, used 80724K [0x0000000083c00000, 0x0000000100000000)
  region size 1024K, 75 young (76800K), 4 survivors (4096K)
 Metaspace       used 20452K, committed 20672K, reserved 1073152K
  class space    used 2447K, committed 2560K, reserved 1048576K
}
Event: 3,229 GC heap after
{Heap after GC invocations=5 (full 0):
 garbage-first heap   total 131072K, used 11577K [0x0000000083c00000, 0x0000000100000000)
  region size 1024K, 7 young (7168K), 7 survivors (7168K)
 Metaspace       used 20452K, committed 20672K, reserved 1073152K
  class space    used 2447K, committed 2560K, reserved 1048576K
}
Event: 3,347 GC heap before
{Heap before GC invocations=5 (full 0):
 garbage-first heap   total 131072K, used 13625K [0x0000000083c00000, 0x0000000100000000)
  region size 1024K, 10 young (10240K), 7 survivors (7168K)
 Metaspace       used 21057K, committed 21248K, reserved 1073152K
  class space    used 2518K, committed 2624K, reserved 1048576K
}
Event: 3,370 GC heap after
{Heap after GC invocations=6 (full 0):
 garbage-first heap   total 131072K, used 11816K [0x0000000083c00000, 0x0000000100000000)
  region size 1024K, 6 young (6144K), 6 survivors (6144K)
 Metaspace       used 21057K, committed 21248K, reserved 1073152K
  class space    used 2518K, committed 2624K, reserved 1048576K
}
Event: 4,380 GC heap before
{Heap before GC invocations=7 (full 0):
 garbage-first heap   total 48128K, used 34344K [0x0000000083c00000, 0x0000000100000000)
  region size 1024K, 28 young (28672K), 6 survivors (6144K)
 Metaspace       used 24822K, committed 25152K, reserved 1073152K
  class space    used 3010K, committed 3200K, reserved 1048576K
}
Event: 4,408 GC heap after
{Heap after GC invocations=8 (full 0):
 garbage-first heap   total 70656K, used 13967K [0x0000000083c00000, 0x0000000100000000)
  region size 1024K, 3 young (3072K), 3 survivors (3072K)
 Metaspace       used 24822K, committed 25152K, reserved 1073152K
  class space    used 3010K, committed 3200K, reserved 1048576K
}
Event: 4,680 GC heap before
{Heap before GC invocations=8 (full 0):
 garbage-first heap   total 70656K, used 50831K [0x0000000083c00000, 0x0000000100000000)
  region size 1024K, 40 young (40960K), 3 survivors (3072K)
 Metaspace       used 26116K, committed 26432K, reserved 1073152K
  class space    used 3130K, committed 3264K, reserved 1048576K
}
Event: 4,688 GC heap after
{Heap after GC invocations=9 (full 0):
 garbage-first heap   total 70656K, used 15552K [0x0000000083c00000, 0x0000000100000000)
  region size 1024K, 2 young (2048K), 2 survivors (2048K)
 Metaspace       used 26116K, committed 26432K, reserved 1073152K
  class space    used 3130K, committed 3264K, reserved 1048576K
}

